[0812/150445.745:ERROR:process_reader_win.cc(151)] SuspendThread: Access is denied. (0x5)
[0813/091737.112:ERROR:process_info.cc(329)] VirtualQueryEx: Access is denied. (0x5)
[0813/091737.112:ERROR:process_info.cc(556)] ReadMemoryInfo failed
[0813/091737.112:ERROR:process_memory_win.cc(39)] Failed to initialize ProcessInfo.
[0813/091737.113:ERROR:scoped_process_suspend.cc(40)] NtResumeProcess: An attempt was made to access an exiting process. (0xc000010a)
[0813/092547.503:ERROR:process_reader_win.cc(151)] SuspendThread: Access is denied. (0x5)
[0813/092547.504:ERROR:process_reader_win.cc(151)] SuspendThread: Access is denied. (0x5)
[0813/092547.561:ERROR:process_memory_win.cc(73)] ReadMemory at 0x249474cb8f0 of 72 bytes failed: Only part of a ReadProcessMemory or WriteProcessMemory request was completed. (0x12B)
[0813/092547.562:WARNING:pe_image_annotations_reader.cc(134)] could not read annotations list object in C:\Program Files (x86)\Google\Chrome\Application\84.0.4147.125\chrome_elf.dll
[0813/092547.562:ERROR:process_memory_win.cc(73)] ReadMemory at 0x24947505970 of 72 bytes failed: Only part of a ReadProcessMemory or WriteProcessMemory request was completed. (0x12B)
[0813/092547.562:WARNING:pe_image_annotations_reader.cc(134)] could not read annotations list object in C:\Program Files (x86)\Google\Chrome\Application\84.0.4147.125\chrome.dll
[0813/092547.568:ERROR:process_memory_win.cc(73)] ReadMemory at 0x249474cb8f0 of 72 bytes failed: Only part of a ReadProcessMemory or WriteProcessMemory request was completed. (0x12B)
[0813/092547.568:WARNING:pe_image_annotations_reader.cc(134)] could not read annotations list object in C:\Program Files (x86)\Google\Chrome\Application\84.0.4147.125\chrome_elf.dll
[0813/092547.568:ERROR:process_memory_win.cc(73)] ReadMemory at 0x24947505970 of 72 bytes failed: Only part of a ReadProcessMemory or WriteProcessMemory request was completed. (0x12B)
[0813/092547.568:WARNING:pe_image_annotations_reader.cc(134)] could not read annotations list object in C:\Program Files (x86)\Google\Chrome\Application\84.0.4147.125\chrome.dll
[0813/092547.569:ERROR:process_memory_win.cc(73)] ReadMemory at 0x249474cb8f0 of 72 bytes failed: Only part of a ReadProcessMemory or WriteProcessMemory request was completed. (0x12B)
[0813/092547.569:WARNING:pe_image_annotations_reader.cc(134)] could not read annotations list object in C:\Program Files (x86)\Google\Chrome\Application\84.0.4147.125\chrome_elf.dll
[0813/092547.569:ERROR:process_memory_win.cc(73)] ReadMemory at 0x24947505970 of 72 bytes failed: Only part of a ReadProcessMemory or WriteProcessMemory request was completed. (0x12B)
[0813/092547.569:WARNING:pe_image_annotations_reader.cc(134)] could not read annotations list object in C:\Program Files (x86)\Google\Chrome\Application\84.0.4147.125\chrome.dll
[0813/093453.886:ERROR:process_memory_win.cc(73)] ReadMemory at 0x189ff52bb70 of 72 bytes failed: Only part of a ReadProcessMemory or WriteProcessMemory request was completed. (0x12B)
[0813/093453.886:WARNING:pe_image_annotations_reader.cc(134)] could not read annotations list object in C:\Program Files (x86)\Google\Chrome\Application\84.0.4147.125\chrome_elf.dll
[0813/093453.887:ERROR:process_memory_win.cc(73)] ReadMemory at 0x189ff564b80 of 72 bytes failed: Only part of a ReadProcessMemory or WriteProcessMemory request was completed. (0x12B)
[0813/093453.887:WARNING:pe_image_annotations_reader.cc(134)] could not read annotations list object in C:\Program Files (x86)\Google\Chrome\Application\84.0.4147.125\chrome.dll
[0813/100011.047:ERROR:process_reader_win.cc(151)] SuspendThread: Access is denied. (0x5)
[0813/100011.048:ERROR:process_reader_win.cc(151)] SuspendThread: Access is denied. (0x5)
[0813/100011.531:ERROR:process_reader_win.cc(151)] SuspendThread: Access is denied. (0x5)
[0813/100129.263:ERROR:process_reader_win.cc(151)] SuspendThread: Access is denied. (0x5)
[0813/100129.264:ERROR:process_reader_win.cc(151)] SuspendThread: Access is denied. (0x5)
[0813/100129.337:ERROR:process_memory_win.cc(73)] ReadMemory at 0xc44ef00000 of 1048576 bytes failed: Only part of a ReadProcessMemory or WriteProcessMemory request was completed. (0x12B)
[0813/100129.339:ERROR:process_memory_win.cc(73)] ReadMemory at 0xc448744000 of 852 bytes failed: Only part of a ReadProcessMemory or WriteProcessMemory request was completed. (0x12B)
[0813/100129.339:ERROR:process_memory_win.cc(73)] ReadMemory at 0xc448765000 of 6024 bytes failed: Only part of a ReadProcessMemory or WriteProcessMemory request was completed. (0x12B)
[0813/100129.339:ERROR:process_memory_win.cc(73)] ReadMemory at 0x295e1240fe0 of 6302 bytes failed: Only part of a ReadProcessMemory or WriteProcessMemory request was completed. (0x12B)
[0813/100129.339:ERROR:process_memory_win.cc(73)] ReadMemory at 0x295e1242890 of 1012 bytes failed: Only part of a ReadProcessMemory or WriteProcessMemory request was completed. (0x12B)
[0813/100129.339:ERROR:process_memory_win.cc(73)] ReadMemory at 0x295e1242ed8 of 118 bytes failed: Only part of a ReadProcessMemory or WriteProcessMemory request was completed. (0x12B)
[0813/100129.340:ERROR:process_memory_win.cc(73)] ReadMemory at 0x295e1242f50 of 1002 bytes failed: Only part of a ReadProcessMemory or WriteProcessMemory request was completed. (0x12B)
[0813/100129.340:ERROR:process_memory_win.cc(73)] ReadMemory at 0x295e124333c of 118 bytes failed: Only part of a ReadProcessMemory or WriteProcessMemory request was completed. (0x12B)
[0813/100129.340:ERROR:process_memory_win.cc(73)] ReadMemory at 0x295e12433b4 of 96 bytes failed: Only part of a ReadProcessMemory or WriteProcessMemory request was completed. (0x12B)
[0813/100129.340:ERROR:process_memory_win.cc(73)] ReadMemory at 0x295e1243420 of 58 bytes failed: Only part of a ReadProcessMemory or WriteProcessMemory request was completed. (0x12B)
[0813/100129.340:ERROR:process_memory_win.cc(73)] ReadMemory at 0x295e1243520 of 132 bytes failed: Only part of a ReadProcessMemory or WriteProcessMemory request was completed. (0x12B)
[0813/100129.340:ERROR:process_memory_win.cc(73)] ReadMemory at 0x295e12436b0 of 132 bytes failed: Only part of a ReadProcessMemory or WriteProcessMemory request was completed. (0x12B)
[0813/100129.340:ERROR:process_memory_win.cc(73)] ReadMemory at 0x295e1243870 of 126 bytes failed: Only part of a ReadProcessMemory or WriteProcessMemory request was completed. (0x12B)
[0813/100129.340:ERROR:process_memory_win.cc(73)] ReadMemory at 0x295e1243c50 of 132 bytes failed: Only part of a ReadProcessMemory or WriteProcessMemory request was completed. (0x12B)
[0813/100129.341:ERROR:process_memory_win.cc(73)] ReadMemory at 0x295e1243de0 of 64 bytes failed: Only part of a ReadProcessMemory or WriteProcessMemory request was completed. (0x12B)
[0813/100129.341:ERROR:process_memory_win.cc(73)] ReadMemory at 0x295e1243fa0 of 132 bytes failed: Only part of a ReadProcessMemory or WriteProcessMemory request was completed. (0x12B)
[0813/100129.341:ERROR:process_memory_win.cc(73)] ReadMemory at 0x295e1244240 of 132 bytes failed: Only part of a ReadProcessMemory or WriteProcessMemory request was completed. (0x12B)
[0813/100129.341:ERROR:process_memory_win.cc(73)] ReadMemory at 0x295e12443d0 of 68 bytes failed: Only part of a ReadProcessMemory or WriteProcessMemory request was completed. (0x12B)
[0813/100129.341:ERROR:process_memory_win.cc(73)] ReadMemory at 0x295e1245510 of 132 bytes failed: Only part of a ReadProcessMemory or WriteProcessMemory request was completed. (0x12B)
[0813/100129.341:ERROR:process_memory_win.cc(73)] ReadMemory at 0x295e12456a0 of 154 bytes failed: Only part of a ReadProcessMemory or WriteProcessMemory request was completed. (0x12B)
[0813/100129.341:ERROR:process_memory_win.cc(73)] ReadMemory at 0x295e1246490 of 62 bytes failed: Only part of a ReadProcessMemory or WriteProcessMemory request was completed. (0x12B)
[0813/100129.341:ERROR:process_memory_win.cc(73)] ReadMemory at 0x295e1246680 of 132 bytes failed: Only part of a ReadProcessMemory or WriteProcessMemory request was completed. (0x12B)
[0813/100129.341:ERROR:process_memory_win.cc(73)] ReadMemory at 0x295e12467b0 of 60 bytes failed: Only part of a ReadProcessMemory or WriteProcessMemory request was completed. (0x12B)
[0813/100129.341:ERROR:process_memory_win.cc(73)] ReadMemory at 0x295e124b550 of 62 bytes failed: Only part of a ReadProcessMemory or WriteProcessMemory request was completed. (0x12B)
[0813/100129.341:ERROR:process_memory_win.cc(73)] ReadMemory at 0x295e124b5a0 of 60 bytes failed: Only part of a ReadProcessMemory or WriteProcessMemory request was completed. (0x12B)
[0813/100129.342:ERROR:process_memory_win.cc(73)] ReadMemory at 0x295e124ba00 of 64 bytes failed: Only part of a ReadProcessMemory or WriteProcessMemory request was completed. (0x12B)
[0813/100129.342:ERROR:process_memory_win.cc(73)] ReadMemory at 0x295e124bcdc of 512 bytes failed: Only part of a ReadProcessMemory or WriteProcessMemory request was completed. (0x12B)
[0813/100129.342:ERROR:process_memory_win.cc(73)] ReadMemory at 0x295e124f3b0 of 80 bytes failed: Only part of a ReadProcessMemory or WriteProcessMemory request was completed. (0x12B)
[0813/100129.342:ERROR:process_memory_win.cc(73)] ReadMemory at 0x295e124fa80 of 54 bytes failed: Only part of a ReadProcessMemory or WriteProcessMemory request was completed. (0x12B)
[0813/100129.342:ERROR:process_memory_win.cc(73)] ReadMemory at 0x295e12553a0 of 132 bytes failed: Only part of a ReadProcessMemory or WriteProcessMemory request was completed. (0x12B)
[0813/100129.342:ERROR:process_memory_win.cc(73)] ReadMemory at 0x295e12554d0 of 132 bytes failed: Only part of a ReadProcessMemory or WriteProcessMemory request was completed. (0x12B)
[0813/100129.342:ERROR:process_memory_win.cc(73)] ReadMemory at 0x295e1255790 of 146 bytes failed: Only part of a ReadProcessMemory or WriteProcessMemory request was completed. (0x12B)
[0813/100129.342:ERROR:process_memory_win.cc(73)] ReadMemory at 0x295e1255990 of 132 bytes failed: Only part of a ReadProcessMemory or WriteProcessMemory request was completed. (0x12B)
[0813/100129.342:ERROR:process_memory_win.cc(73)] ReadMemory at 0x295e1255c90 of 132 bytes failed: Only part of a ReadProcessMemory or WriteProcessMemory request was completed. (0x12B)
[0813/100129.342:ERROR:process_memory_win.cc(73)] ReadMemory at 0x295e1257df0 of 80 bytes failed: Only part of a ReadProcessMemory or WriteProcessMemory request was completed. (0x12B)
[0813/100129.342:ERROR:process_memory_win.cc(73)] ReadMemory at 0x295e1258630 of 76 bytes failed: Only part of a ReadProcessMemory or WriteProcessMemory request was completed. (0x12B)
[0813/100129.343:ERROR:process_memory_win.cc(73)] ReadMemory at 0x295e1259720 of 132 bytes failed: Only part of a ReadProcessMemory or WriteProcessMemory request was completed. (0x12B)
[0813/100129.343:ERROR:process_memory_win.cc(73)] ReadMemory at 0x295e1259bd0 of 132 bytes failed: Only part of a ReadProcessMemory or WriteProcessMemory request was completed. (0x12B)
[0813/100129.343:ERROR:process_memory_win.cc(73)] ReadMemory at 0x295e125a0d0 of 132 bytes failed: Only part of a ReadProcessMemory or WriteProcessMemory request was completed. (0x12B)
[0813/100129.343:ERROR:process_memory_win.cc(73)] ReadMemory at 0x295e125a430 of 132 bytes failed: Only part of a ReadProcessMemory or WriteProcessMemory request was completed. (0x12B)
[0813/100129.343:ERROR:process_memory_win.cc(73)] ReadMemory at 0x295e125a560 of 132 bytes failed: Only part of a ReadProcessMemory or WriteProcessMemory request was completed. (0x12B)
[0813/100129.343:ERROR:process_memory_win.cc(73)] ReadMemory at 0x295e125a7f0 of 132 bytes failed: Only part of a ReadProcessMemory or WriteProcessMemory request was completed. (0x12B)
[0813/100129.343:ERROR:process_memory_win.cc(73)] ReadMemory at 0x295e125a920 of 132 bytes failed: Only part of a ReadProcessMemory or WriteProcessMemory request was completed. (0x12B)
[0813/100129.343:ERROR:process_memory_win.cc(73)] ReadMemory at 0x295e125aa50 of 132 bytes failed: Only part of a ReadProcessMemory or WriteProcessMemory request was completed. (0x12B)
[0813/100129.343:ERROR:process_memory_win.cc(73)] ReadMemory at 0x295e125acb0 of 132 bytes failed: Only part of a ReadProcessMemory or WriteProcessMemory request was completed. (0x12B)
[0813/100129.343:ERROR:process_memory_win.cc(73)] ReadMemory at 0x295e125ade0 of 132 bytes failed: Only part of a ReadProcessMemory or WriteProcessMemory request was completed. (0x12B)
[0813/100129.343:ERROR:process_memory_win.cc(73)] ReadMemory at 0x295e125b050 of 60 bytes failed: Only part of a ReadProcessMemory or WriteProcessMemory request was completed. (0x12B)
[0813/100129.344:ERROR:process_memory_win.cc(73)] ReadMemory at 0x295e125b280 of 60 bytes failed: Only part of a ReadProcessMemory or WriteProcessMemory request was completed. (0x12B)
[0813/100129.344:ERROR:process_memory_win.cc(73)] ReadMemory at 0x295e125b2d0 of 64 bytes failed: Only part of a ReadProcessMemory or WriteProcessMemory request was completed. (0x12B)
[0813/100129.344:ERROR:process_memory_win.cc(73)] ReadMemory at 0x295e125b370 of 60 bytes failed: Only part of a ReadProcessMemory or WriteProcessMemory request was completed. (0x12B)
[0813/100129.344:ERROR:process_memory_win.cc(73)] ReadMemory at 0x295e125b3c0 of 62 bytes failed: Only part of a ReadProcessMemory or WriteProcessMemory request was completed. (0x12B)
[0813/100129.344:ERROR:process_memory_win.cc(73)] ReadMemory at 0x295e125b460 of 62 bytes failed: Only part of a ReadProcessMemory or WriteProcessMemory request was completed. (0x12B)
[0813/100129.344:ERROR:process_memory_win.cc(73)] ReadMemory at 0x295e125b4b0 of 62 bytes failed: Only part of a ReadProcessMemory or WriteProcessMemory request was completed. (0x12B)
[0813/100129.344:ERROR:process_memory_win.cc(73)] ReadMemory at 0x295e125b500 of 62 bytes failed: Only part of a ReadProcessMemory or WriteProcessMemory request was completed. (0x12B)
[0813/100129.344:ERROR:process_memory_win.cc(73)] ReadMemory at 0x295e125b6e0 of 62 bytes failed: Only part of a ReadProcessMemory or WriteProcessMemory request was completed. (0x12B)
[0813/100129.344:ERROR:process_memory_win.cc(73)] ReadMemory at 0x295e125b730 of 64 bytes failed: Only part of a ReadProcessMemory or WriteProcessMemory request was completed. (0x12B)
[0813/100129.344:ERROR:process_memory_win.cc(73)] ReadMemory at 0x295e125b780 of 60 bytes failed: Only part of a ReadProcessMemory or WriteProcessMemory request was completed. (0x12B)
[0813/100129.344:ERROR:process_memory_win.cc(73)] ReadMemory at 0x295e125b820 of 64 bytes failed: Only part of a ReadProcessMemory or WriteProcessMemory request was completed. (0x12B)
[0813/100129.344:ERROR:process_memory_win.cc(73)] ReadMemory at 0x295e125b8c0 of 64 bytes failed: Only part of a ReadProcessMemory or WriteProcessMemory request was completed. (0x12B)
[0813/100129.344:ERROR:process_memory_win.cc(73)] ReadMemory at 0x295e125b910 of 58 bytes failed: Only part of a ReadProcessMemory or WriteProcessMemory request was completed. (0x12B)
[0813/100129.345:ERROR:process_memory_win.cc(73)] ReadMemory at 0x295e125b960 of 64 bytes failed: Only part of a ReadProcessMemory or WriteProcessMemory request was completed. (0x12B)
[0813/100129.345:ERROR:process_memory_win.cc(73)] ReadMemory at 0x295e125b9b0 of 66 bytes failed: Only part of a ReadProcessMemory or WriteProcessMemory request was completed. (0x12B)
[0813/100129.345:ERROR:process_memory_win.cc(73)] ReadMemory at 0x295e125ba00 of 62 bytes failed: Only part of a ReadProcessMemory or WriteProcessMemory request was completed. (0x12B)
[0813/100129.345:ERROR:process_memory_win.cc(73)] ReadMemory at 0x295e125baa0 of 66 bytes failed: Only part of a ReadProcessMemory or WriteProcessMemory request was completed. (0x12B)
[0813/100129.345:ERROR:process_memory_win.cc(73)] ReadMemory at 0x295e125baf0 of 62 bytes failed: Only part of a ReadProcessMemory or WriteProcessMemory request was completed. (0x12B)
[0813/100129.345:ERROR:process_memory_win.cc(73)] ReadMemory at 0x295e125bb40 of 64 bytes failed: Only part of a ReadProcessMemory or WriteProcessMemory request was completed. (0x12B)
[0813/100129.345:ERROR:process_memory_win.cc(73)] ReadMemory at 0x295e125bcd0 of 64 bytes failed: Only part of a ReadProcessMemory or WriteProcessMemory request was completed. (0x12B)
[0813/100129.345:ERROR:process_memory_win.cc(73)] ReadMemory at 0x295e125bd20 of 60 bytes failed: Only part of a ReadProcessMemory or WriteProcessMemory request was completed. (0x12B)
[0813/100129.345:ERROR:process_memory_win.cc(73)] ReadMemory at 0x295e125bdc0 of 62 bytes failed: Only part of a ReadProcessMemory or WriteProcessMemory request was completed. (0x12B)
[0813/100129.345:ERROR:process_memory_win.cc(73)] ReadMemory at 0x295e125be10 of 62 bytes failed: Only part of a ReadProcessMemory or WriteProcessMemory request was completed. (0x12B)
[0813/100129.346:ERROR:process_memory_win.cc(73)] ReadMemory at 0x295e125d230 of 132 bytes failed: Only part of a ReadProcessMemory or WriteProcessMemory request was completed. (0x12B)
[0813/100129.346:ERROR:process_memory_win.cc(73)] ReadMemory at 0x295e1261ff0 of 132 bytes failed: Only part of a ReadProcessMemory or WriteProcessMemory request was completed. (0x12B)
[0813/100129.346:ERROR:process_memory_win.cc(73)] ReadMemory at 0x295e1262120 of 132 bytes failed: Only part of a ReadProcessMemory or WriteProcessMemory request was completed. (0x12B)
[0813/100129.346:ERROR:process_memory_win.cc(73)] ReadMemory at 0x295e1262250 of 132 bytes failed: Only part of a ReadProcessMemory or WriteProcessMemory request was completed. (0x12B)
[0813/100129.346:ERROR:process_memory_win.cc(73)] ReadMemory at 0x295e1262380 of 132 bytes failed: Only part of a ReadProcessMemory or WriteProcessMemory request was completed. (0x12B)
[0813/100129.346:ERROR:process_memory_win.cc(73)] ReadMemory at 0x295e12624b0 of 132 bytes failed: Only part of a ReadProcessMemory or WriteProcessMemory request was completed. (0x12B)
[0813/100129.346:ERROR:process_memory_win.cc(73)] ReadMemory at 0x295e12625e0 of 132 bytes failed: Only part of a ReadProcessMemory or WriteProcessMemory request was completed. (0x12B)
[0813/100129.346:ERROR:process_memory_win.cc(73)] ReadMemory at 0x295e1262710 of 132 bytes failed: Only part of a ReadProcessMemory or WriteProcessMemory request was completed. (0x12B)
[0813/100129.346:ERROR:process_memory_win.cc(73)] ReadMemory at 0x295e1262970 of 132 bytes failed: Only part of a ReadProcessMemory or WriteProcessMemory request was completed. (0x12B)
[0813/100129.346:ERROR:process_memory_win.cc(73)] ReadMemory at 0x295e1262aa0 of 132 bytes failed: Only part of a ReadProcessMemory or WriteProcessMemory request was completed. (0x12B)
[0813/100129.346:ERROR:process_memory_win.cc(73)] ReadMemory at 0x295e1262bd0 of 132 bytes failed: Only part of a ReadProcessMemory or WriteProcessMemory request was completed. (0x12B)
[0813/100129.347:ERROR:process_memory_win.cc(73)] ReadMemory at 0x295e1262d00 of 132 bytes failed: Only part of a ReadProcessMemory or WriteProcessMemory request was completed. (0x12B)
[0813/100129.347:ERROR:process_memory_win.cc(73)] ReadMemory at 0x295e1262e30 of 132 bytes failed: Only part of a ReadProcessMemory or WriteProcessMemory request was completed. (0x12B)
[0813/100129.347:ERROR:process_memory_win.cc(73)] ReadMemory at 0x295e1263550 of 132 bytes failed: Only part of a ReadProcessMemory or WriteProcessMemory request was completed. (0x12B)
[0813/100129.347:ERROR:process_memory_win.cc(73)] ReadMemory at 0x295e12638e0 of 132 bytes failed: Only part of a ReadProcessMemory or WriteProcessMemory request was completed. (0x12B)
[0813/100129.347:ERROR:process_memory_win.cc(73)] ReadMemory at 0x295e1263a10 of 132 bytes failed: Only part of a ReadProcessMemory or WriteProcessMemory request was completed. (0x12B)
[0813/100129.347:ERROR:process_memory_win.cc(73)] ReadMemory at 0x295e1263b40 of 132 bytes failed: Only part of a ReadProcessMemory or WriteProcessMemory request was completed. (0x12B)
[0813/100129.347:ERROR:process_memory_win.cc(73)] ReadMemory at 0x295e1263c70 of 132 bytes failed: Only part of a ReadProcessMemory or WriteProcessMemory request was completed. (0x12B)
[0813/100129.350:ERROR:scoped_process_suspend.cc(40)] NtResumeProcess: An attempt was made to access an exiting process. (0xc000010a)
